# JRE version: OpenJDK Runtime Environment Temurin-17.0.14+7 (17.0.14+7) (build 17.0.14+7)
# Java VM: OpenJDK 64-Bit Server VM Temurin-17.0.14+7 (17.0.14+7, mixed mode, tiered, compressed oops, compressed class ptrs, g1 gc, windows-amd64)
GC Precious Log:
 CPUs: 4 total, 4 available
 Memory: 12111M
 Large Page Support: Disabled
 NUMA Support: Disabled
 Compressed Oops: Enabled (32-bit)
 Heap Region Size: 1M
 Heap Min Capacity: 8M
 Heap Initial Capacity: 190M
 Heap Max Capacity: 2G
 Pre-touch: Disabled
 Parallel Workers: 4
 Concurrent Workers: 1
 Concurrent Refinement Workers: 4
 Periodic GC: Disabled
Heap:
 garbage-first heap   total 109568K, used 65944K [0x0000000080000000, 0x0000000100000000)
  region size 1024K, 29 young (29696K), 5 survivors (5120K)
 Metaspace       used 57086K, committed 57920K, reserved 1114112K
  class space    used 6643K, committed 7040K, reserved 1048576K
GC Heap History (20 events):
Event: 7.503 GC heap before
{Heap before GC invocations=11 (full 0):
 garbage-first heap   total 75776K, used 58030K [0x0000000080000000, 0x0000000100000000)
  region size 1024K, 32 young (32768K), 3 survivors (3072K)
 Metaspace       used 38863K, committed 39296K, reserved 1114112K
  class space    used 4256K, committed 4480K, reserved 1048576K
}
Event: 7.509 GC heap after
{Heap after GC invocations=12 (full 0):
 garbage-first heap   total 75776K, used 29933K [0x0000000080000000, 0x0000000100000000)
  region size 1024K, 3 young (3072K), 3 survivors (3072K)
 Metaspace       used 38863K, committed 39296K, reserved 1114112K
  class space    used 4256K, committed 4480K, reserved 1048576K
}
Event: 7.677 GC heap before
{Heap before GC invocations=12 (full 0):
 garbage-first heap   total 75776K, used 58605K [0x0000000080000000, 0x0000000100000000)
  region size 1024K, 31 young (31744K), 3 survivors (3072K)
 Metaspace       used 39241K, committed 39680K, reserved 1114112K
  class space    used 4295K, committed 4480K, reserved 1048576K
}
Event: 7.680 GC heap after
{Heap after GC invocations=13 (full 0):
 garbage-first heap   total 75776K, used 30359K [0x0000000080000000, 0x0000000100000000)
  region size 1024K, 2 young (2048K), 2 survivors (2048K)
 Metaspace       used 39241K, committed 39680K, reserved 1114112K
  class space    used 4295K, committed 4480K, reserved 1048576K
}
Event: 7.815 GC heap before
{Heap before GC invocations=13 (full 0):
 garbage-first heap   total 75776K, used 63127K [0x0000000080000000, 0x0000000100000000)
  region size 1024K, 31 young (31744K), 2 survivors (2048K)
 Metaspace       used 40435K, committed 40896K, reserved 1114112K
  class space    used 4374K, committed 4608K, reserved 1048576K
}
Event: 7.818 GC heap after
{Heap after GC invocations=14 (full 0):
 garbage-first heap   total 75776K, used 30834K [0x0000000080000000, 0x0000000100000000)
  region size 1024K, 3 young (3072K), 3 survivors (3072K)
 Metaspace       used 40435K, committed 40896K, reserved 1114112K
  class space    used 4374K, committed 4608K, reserved 1048576K
}
Event: 7.914 GC heap before
{Heap before GC invocations=14 (full 0):
 garbage-first heap   total 75776K, used 60530K [0x0000000080000000, 0x0000000100000000)
  region size 1024K, 32 young (32768K), 3 survivors (3072K)
 Metaspace       used 40522K, committed 40960K, reserved 1114112K
  class space    used 4380K, committed 4608K, reserved 1048576K
}
Event: 7.918 GC heap after
{Heap after GC invocations=15 (full 0):
 garbage-first heap   total 91136K, used 31184K [0x0000000080000000, 0x0000000100000000)
  region size 1024K, 2 young (2048K), 2 survivors (2048K)
 Metaspace       used 40522K, committed 40960K, reserved 1114112K
  class space    used 4380K, committed 4608K, reserved 1048576K
}
Event: 8.155 GC heap before
{Heap before GC invocations=15 (full 0):
 garbage-first heap   total 91136K, used 75216K [0x0000000080000000, 0x0000000100000000)
  region size 1024K, 45 young (46080K), 2 survivors (2048K)
 Metaspace       used 40786K, committed 41216K, reserved 1114112K
  class space    used 4398K, committed 4608K, reserved 1048576K
}
Event: 8.160 GC heap after
{Heap after GC invocations=16 (full 0):
 garbage-first heap   total 91136K, used 34136K [0x0000000080000000, 0x0000000100000000)
  region size 1024K, 5 young (5120K), 5 survivors (5120K)
 Metaspace       used 40786K, committed 41216K, reserved 1114112K
  class space    used 4398K, committed 4608K, reserved 1048576K
}
Event: 8.613 GC heap before
{Heap before GC invocations=16 (full 0):
 garbage-first heap   total 91136K, used 74072K [0x0000000080000000, 0x0000000100000000)
  region size 1024K, 44 young (45056K), 5 survivors (5120K)
 Metaspace       used 41794K, committed 42304K, reserved 1114112K
  class space    used 4503K, committed 4736K, reserved 1048576K
}
Event: 8.622 GC heap after
{Heap after GC invocations=17 (full 0):
 garbage-first heap   total 91136K, used 36581K [0x0000000080000000, 0x0000000100000000)
  region size 1024K, 6 young (6144K), 6 survivors (6144K)
 Metaspace       used 41794K, committed 42304K, reserved 1114112K
  class space    used 4503K, committed 4736K, reserved 1048576K
}
Event: 9.166 GC heap before
{Heap before GC invocations=17 (full 0):
 garbage-first heap   total 91136K, used 73445K [0x0000000080000000, 0x0000000100000000)
  region size 1024K, 42 young (43008K), 6 survivors (6144K)
 Metaspace       used 46235K, committed 46784K, reserved 1114112K
  class space    used 5103K, committed 5376K, reserved 1048576K
}
Event: 9.175 GC heap after
{Heap after GC invocations=18 (full 0):
 garbage-first heap   total 91136K, used 38335K [0x0000000080000000, 0x0000000100000000)
  region size 1024K, 5 young (5120K), 5 survivors (5120K)
 Metaspace       used 46235K, committed 46784K, reserved 1114112K
  class space    used 5103K, committed 5376K, reserved 1048576K
}
Event: 10.976 GC heap before
{Heap before GC invocations=18 (full 0):
 garbage-first heap   total 91136K, used 73151K [0x0000000080000000, 0x0000000100000000)
  region size 1024K, 40 young (40960K), 5 survivors (5120K)
 Metaspace       used 52593K, committed 53120K, reserved 1114112K
  class space    used 6027K, committed 6272K, reserved 1048576K
}
Event: 10.984 GC heap after
{Heap after GC invocations=19 (full 0):
 garbage-first heap   total 109568K, used 40229K [0x0000000080000000, 0x0000000100000000)
  region size 1024K, 4 young (4096K), 4 survivors (4096K)
 Metaspace       used 52593K, committed 53120K, reserved 1114112K
  class space    used 6027K, committed 6272K, reserved 1048576K
}
Event: 12.455 GC heap before
{Heap before GC invocations=19 (full 0):
 garbage-first heap   total 109568K, used 87333K [0x0000000080000000, 0x0000000100000000)
  region size 1024K, 50 young (51200K), 4 survivors (4096K)
 Metaspace       used 55729K, committed 56448K, reserved 1114112K
  class space    used 6543K, committed 6912K, reserved 1048576K
}
Event: 12.462 GC heap after
{Heap after GC invocations=20 (full 0):
 garbage-first heap   total 109568K, used 42153K [0x0000000080000000, 0x0000000100000000)
  region size 1024K, 4 young (4096K), 4 survivors (4096K)
 Metaspace       used 55729K, committed 56448K, reserved 1114112K
  class space    used 6543K, committed 6912K, reserved 1048576K
}
Event: 20.967 GC heap before
{Heap before GC invocations=20 (full 0):
 garbage-first heap   total 109568K, used 89257K [0x0000000080000000, 0x0000000100000000)
  region size 1024K, 50 young (51200K), 4 survivors (4096K)
 Metaspace       used 56845K, committed 57664K, reserved 1114112K
  class space    used 6642K, committed 7040K, reserved 1048576K
}
Event: 20.974 GC heap after
{Heap after GC invocations=21 (full 0):
 garbage-first heap   total 109568K, used 43416K [0x0000000080000000, 0x0000000100000000)
  region size 1024K, 5 young (5120K), 5 survivors (5120K)
 Metaspace       used 56845K, committed 57664K, reserved 1114112K
  class space    used 6642K, committed 7040K, reserved 1048576K
}

