# JRE version: OpenJDK Runtime Environment Temurin-17.0.14+7 (17.0.14+7) (build 17.0.14+7)
# Java VM: OpenJDK 64-Bit Server VM Temurin-17.0.14+7 (17.0.14+7, mixed mode, tiered, compressed oops, compressed class ptrs, g1 gc, windows-amd64)
GC Precious Log:
 CPUs: 4 total, 4 available
 Memory: 12111M
 Large Page Support: Disabled
 NUMA Support: Disabled
 Compressed Oops: Enabled (32-bit)
 Heap Region Size: 1M
 Heap Min Capacity: 8M
 Heap Initial Capacity: 190M
 Heap Max Capacity: 2G
 Pre-touch: Disabled
 Parallel Workers: 4
 Concurrent Workers: 1
 Concurrent Refinement Workers: 4
 Periodic GC: Disabled
Heap:
 garbage-first heap   total 109568K, used 83293K [0x0000000080000000, 0x0000000100000000)
  region size 1024K, 49 young (50176K), 3 survivors (3072K)
 Metaspace       used 54863K, committed 55552K, reserved 1114112K
  class space    used 6467K, committed 6784K, reserved 1048576K
GC Heap History (20 events):
Event: 2.951 GC heap before
{Heap before GC invocations=6 (full 0):
 garbage-first heap   total 75776K, used 51933K [0x0000000080000000, 0x0000000100000000)
  region size 1024K, 37 young (37888K), 7 survivors (7168K)
 Metaspace       used 24803K, committed 25152K, reserved 1114112K
  class space    used 2606K, committed 2752K, reserved 1048576K
}
Event: 2.961 GC heap after
{Heap after GC invocations=7 (full 0):
 garbage-first heap   total 75776K, used 23333K [0x0000000080000000, 0x0000000100000000)
  region size 1024K, 3 young (3072K), 3 survivors (3072K)
 Metaspace       used 24803K, committed 25152K, reserved 1114112K
  class space    used 2606K, committed 2752K, reserved 1048576K
}
Event: 3.619 GC heap before
{Heap before GC invocations=7 (full 0):
 garbage-first heap   total 75776K, used 53029K [0x0000000080000000, 0x0000000100000000)
  region size 1024K, 32 young (32768K), 3 survivors (3072K)
 Metaspace       used 31402K, committed 31744K, reserved 1114112K
  class space    used 3454K, committed 3648K, reserved 1048576K
}
Event: 3.624 GC heap after
{Heap after GC invocations=8 (full 0):
 garbage-first heap   total 75776K, used 25734K [0x0000000080000000, 0x0000000100000000)
  region size 1024K, 4 young (4096K), 4 survivors (4096K)
 Metaspace       used 31402K, committed 31744K, reserved 1114112K
  class space    used 3454K, committed 3648K, reserved 1048576K
}
Event: 4.075 GC heap before
{Heap before GC invocations=8 (full 0):
 garbage-first heap   total 75776K, used 43142K [0x0000000080000000, 0x0000000100000000)
  region size 1024K, 22 young (22528K), 4 survivors (4096K)
 Metaspace       used 35546K, committed 35968K, reserved 1114112K
  class space    used 3885K, committed 4096K, reserved 1048576K
}
Event: 4.082 GC heap after
{Heap after GC invocations=9 (full 0):
 garbage-first heap   total 75776K, used 27675K [0x0000000080000000, 0x0000000100000000)
  region size 1024K, 2 young (2048K), 2 survivors (2048K)
 Metaspace       used 35546K, committed 35968K, reserved 1114112K
  class space    used 3885K, committed 4096K, reserved 1048576K
}
Event: 4.402 GC heap before
{Heap before GC invocations=10 (full 0):
 garbage-first heap   total 75776K, used 56347K [0x0000000080000000, 0x0000000100000000)
  region size 1024K, 30 young (30720K), 2 survivors (2048K)
 Metaspace       used 38171K, committed 38656K, reserved 1114112K
  class space    used 4195K, committed 4416K, reserved 1048576K
}
Event: 4.405 GC heap after
{Heap after GC invocations=11 (full 0):
 garbage-first heap   total 75776K, used 28113K [0x0000000080000000, 0x0000000100000000)
  region size 1024K, 3 young (3072K), 3 survivors (3072K)
 Metaspace       used 38171K, committed 38656K, reserved 1114112K
  class space    used 4195K, committed 4416K, reserved 1048576K
}
Event: 4.550 GC heap before
{Heap before GC invocations=11 (full 0):
 garbage-first heap   total 75776K, used 57809K [0x0000000080000000, 0x0000000100000000)
  region size 1024K, 32 young (32768K), 3 survivors (3072K)
 Metaspace       used 38522K, committed 38912K, reserved 1114112K
  class space    used 4230K, committed 4416K, reserved 1048576K
}
Event: 4.555 GC heap after
{Heap after GC invocations=12 (full 0):
 garbage-first heap   total 75776K, used 29343K [0x0000000080000000, 0x0000000100000000)
  region size 1024K, 4 young (4096K), 4 survivors (4096K)
 Metaspace       used 38522K, committed 38912K, reserved 1114112K
  class space    used 4230K, committed 4416K, reserved 1048576K
}
Event: 4.655 GC heap before
{Heap before GC invocations=12 (full 0):
 garbage-first heap   total 75776K, used 58015K [0x0000000080000000, 0x0000000100000000)
  region size 1024K, 32 young (32768K), 4 survivors (4096K)
 Metaspace       used 38914K, committed 39360K, reserved 1114112K
  class space    used 4274K, committed 4480K, reserved 1048576K
}
Event: 4.659 GC heap after
{Heap after GC invocations=13 (full 0):
 garbage-first heap   total 91136K, used 29850K [0x0000000080000000, 0x0000000100000000)
  region size 1024K, 2 young (2048K), 2 survivors (2048K)
 Metaspace       used 38914K, committed 39360K, reserved 1114112K
  class space    used 4274K, committed 4480K, reserved 1048576K
}
Event: 4.813 GC heap before
{Heap before GC invocations=13 (full 0):
 garbage-first heap   total 91136K, used 74906K [0x0000000080000000, 0x0000000100000000)
  region size 1024K, 43 young (44032K), 2 survivors (2048K)
 Metaspace       used 40124K, committed 40576K, reserved 1114112K
  class space    used 4356K, committed 4544K, reserved 1048576K
}
Event: 4.816 GC heap after
{Heap after GC invocations=14 (full 0):
 garbage-first heap   total 91136K, used 30362K [0x0000000080000000, 0x0000000100000000)
  region size 1024K, 3 young (3072K), 3 survivors (3072K)
 Metaspace       used 40124K, committed 40576K, reserved 1114112K
  class space    used 4356K, committed 4544K, reserved 1048576K
}
Event: 5.050 GC heap before
{Heap before GC invocations=14 (full 0):
 garbage-first heap   total 91136K, used 72346K [0x0000000080000000, 0x0000000100000000)
  region size 1024K, 44 young (45056K), 3 survivors (3072K)
 Metaspace       used 40345K, committed 40768K, reserved 1114112K
  class space    used 4368K, committed 4544K, reserved 1048576K
}
Event: 5.055 GC heap after
{Heap after GC invocations=15 (full 0):
 garbage-first heap   total 91136K, used 31629K [0x0000000080000000, 0x0000000100000000)
  region size 1024K, 4 young (4096K), 4 survivors (4096K)
 Metaspace       used 40345K, committed 40768K, reserved 1114112K
  class space    used 4368K, committed 4544K, reserved 1048576K
}
Event: 5.603 GC heap before
{Heap before GC invocations=15 (full 0):
 garbage-first heap   total 91136K, used 73613K [0x0000000080000000, 0x0000000100000000)
  region size 1024K, 45 young (46080K), 4 survivors (4096K)
 Metaspace       used 43365K, committed 43904K, reserved 1114112K
  class space    used 4760K, committed 4992K, reserved 1048576K
}
Event: 5.612 GC heap after
{Heap after GC invocations=16 (full 0):
 garbage-first heap   total 91136K, used 35305K [0x0000000080000000, 0x0000000100000000)
  region size 1024K, 6 young (6144K), 6 survivors (6144K)
 Metaspace       used 43365K, committed 43904K, reserved 1114112K
  class space    used 4760K, committed 4992K, reserved 1048576K
}
Event: 7.161 GC heap before
{Heap before GC invocations=16 (full 0):
 garbage-first heap   total 91136K, used 73193K [0x0000000080000000, 0x0000000100000000)
  region size 1024K, 43 young (44032K), 6 survivors (6144K)
 Metaspace       used 49974K, committed 50560K, reserved 1114112K
  class space    used 5658K, committed 5888K, reserved 1048576K
}
Event: 7.171 GC heap after
{Heap after GC invocations=17 (full 0):
 garbage-first heap   total 109568K, used 38237K [0x0000000080000000, 0x0000000100000000)
  region size 1024K, 3 young (3072K), 3 survivors (3072K)
 Metaspace       used 49974K, committed 50560K, reserved 1114112K
  class space    used 5658K, committed 5888K, reserved 1048576K
}

