# JRE version: OpenJDK Runtime Environment Temurin-17.0.14+7 (17.0.14+7) (build 17.0.14+7)
# Java VM: OpenJDK 64-Bit Server VM Temurin-17.0.14+7 (17.0.14+7, mixed mode, tiered, compressed oops, compressed class ptrs, g1 gc, windows-amd64)
GC Precious Log:
 CPUs: 4 total, 4 available
 Memory: 12111M
 Large Page Support: Disabled
 NUMA Support: Disabled
 Compressed Oops: Enabled (32-bit)
 Heap Region Size: 1M
 Heap Min Capacity: 8M
 Heap Initial Capacity: 190M
 Heap Max Capacity: 2G
 Pre-touch: Disabled
 Parallel Workers: 4
 Concurrent Workers: 1
 Concurrent Refinement Workers: 4
 Periodic GC: Disabled
Heap:
 garbage-first heap   total 112640K, used 66431K [0x0000000080000000, 0x0000000100000000)
  region size 1024K, 28 young (28672K), 4 survivors (4096K)
 Metaspace       used 57199K, committed 57920K, reserved 1114112K
  class space    used 6635K, committed 6976K, reserved 1048576K
GC Heap History (20 events):
Event: 4.890 GC heap before
{Heap before GC invocations=11 (full 0):
 garbage-first heap   total 75776K, used 56702K [0x0000000080000000, 0x0000000100000000)
  region size 1024K, 31 young (31744K), 3 survivors (3072K)
 Metaspace       used 38599K, committed 38976K, reserved 1114112K
  class space    used 4241K, committed 4416K, reserved 1048576K
}
Event: 4.895 GC heap after
{Heap after GC invocations=12 (full 0):
 garbage-first heap   total 75776K, used 29128K [0x0000000080000000, 0x0000000100000000)
  region size 1024K, 2 young (2048K), 2 survivors (2048K)
 Metaspace       used 38599K, committed 38976K, reserved 1114112K
  class space    used 4241K, committed 4416K, reserved 1048576K
}
Event: 5.061 GC heap before
{Heap before GC invocations=12 (full 0):
 garbage-first heap   total 75776K, used 57800K [0x0000000080000000, 0x0000000100000000)
  region size 1024K, 30 young (30720K), 2 survivors (2048K)
 Metaspace       used 38627K, committed 38976K, reserved 1114112K
  class space    used 4241K, committed 4416K, reserved 1048576K
}
Event: 5.067 GC heap after
{Heap after GC invocations=13 (full 0):
 garbage-first heap   total 75776K, used 30552K [0x0000000080000000, 0x0000000100000000)
  region size 1024K, 4 young (4096K), 4 survivors (4096K)
 Metaspace       used 38627K, committed 38976K, reserved 1114112K
  class space    used 4241K, committed 4416K, reserved 1048576K
}
Event: 5.198 GC heap before
{Heap before GC invocations=13 (full 0):
 garbage-first heap   total 75776K, used 58200K [0x0000000080000000, 0x0000000100000000)
  region size 1024K, 31 young (31744K), 4 survivors (4096K)
 Metaspace       used 39031K, committed 39488K, reserved 1114112K
  class space    used 4285K, committed 4480K, reserved 1048576K
}
Event: 5.203 GC heap after
{Heap after GC invocations=14 (full 0):
 garbage-first heap   total 93184K, used 30773K [0x0000000080000000, 0x0000000100000000)
  region size 1024K, 2 young (2048K), 2 survivors (2048K)
 Metaspace       used 39031K, committed 39488K, reserved 1114112K
  class space    used 4285K, committed 4480K, reserved 1048576K
}
Event: 5.371 GC heap before
{Heap before GC invocations=14 (full 0):
 garbage-first heap   total 93184K, used 76853K [0x0000000080000000, 0x0000000100000000)
  region size 1024K, 44 young (45056K), 2 survivors (2048K)
 Metaspace       used 40251K, committed 40704K, reserved 1114112K
  class space    used 4366K, committed 4544K, reserved 1048576K
}
Event: 5.375 GC heap after
{Heap after GC invocations=15 (full 0):
 garbage-first heap   total 93184K, used 31662K [0x0000000080000000, 0x0000000100000000)
  region size 1024K, 3 young (3072K), 3 survivors (3072K)
 Metaspace       used 40251K, committed 40704K, reserved 1114112K
  class space    used 4366K, committed 4544K, reserved 1048576K
}
Event: 5.696 GC heap before
{Heap before GC invocations=15 (full 0):
 garbage-first heap   total 93184K, used 74670K [0x0000000080000000, 0x0000000100000000)
  region size 1024K, 45 young (46080K), 3 survivors (3072K)
 Metaspace       used 40483K, committed 40896K, reserved 1114112K
  class space    used 4379K, committed 4544K, reserved 1048576K
}
Event: 5.701 GC heap after
{Heap after GC invocations=16 (full 0):
 garbage-first heap   total 93184K, used 32797K [0x0000000080000000, 0x0000000100000000)
  region size 1024K, 4 young (4096K), 4 survivors (4096K)
 Metaspace       used 40483K, committed 40896K, reserved 1114112K
  class space    used 4379K, committed 4544K, reserved 1048576K
}
Event: 6.212 GC heap before
{Heap before GC invocations=16 (full 0):
 garbage-first heap   total 93184K, used 74781K [0x0000000080000000, 0x0000000100000000)
  region size 1024K, 45 young (46080K), 4 survivors (4096K)
 Metaspace       used 42280K, committed 42752K, reserved 1114112K
  class space    used 4604K, committed 4800K, reserved 1048576K
}
Event: 6.221 GC heap after
{Heap after GC invocations=17 (full 0):
 garbage-first heap   total 93184K, used 36273K [0x0000000080000000, 0x0000000100000000)
  region size 1024K, 6 young (6144K), 6 survivors (6144K)
 Metaspace       used 42280K, committed 42752K, reserved 1114112K
  class space    used 4604K, committed 4800K, reserved 1048576K
}
Event: 7.078 GC heap before
{Heap before GC invocations=17 (full 0):
 garbage-first heap   total 93184K, used 73137K [0x0000000080000000, 0x0000000100000000)
  region size 1024K, 42 young (43008K), 6 survivors (6144K)
 Metaspace       used 49514K, committed 50112K, reserved 1114112K
  class space    used 5576K, committed 5888K, reserved 1048576K
}
Event: 7.089 GC heap after
{Heap after GC invocations=18 (full 0):
 garbage-first heap   total 112640K, used 39212K [0x0000000080000000, 0x0000000100000000)
  region size 1024K, 3 young (3072K), 3 survivors (3072K)
 Metaspace       used 49514K, committed 50112K, reserved 1114112K
  class space    used 5576K, committed 5888K, reserved 1048576K
}
Event: 10.384 GC heap before
{Heap before GC invocations=18 (full 0):
 garbage-first heap   total 112640K, used 89388K [0x0000000080000000, 0x0000000100000000)
  region size 1024K, 53 young (54272K), 3 survivors (3072K)
 Metaspace       used 54927K, committed 55616K, reserved 1114112K
  class space    used 6472K, committed 6784K, reserved 1048576K
}
Event: 10.389 GC heap after
{Heap after GC invocations=19 (full 0):
 garbage-first heap   total 112640K, used 40562K [0x0000000080000000, 0x0000000100000000)
  region size 1024K, 5 young (5120K), 5 survivors (5120K)
 Metaspace       used 54927K, committed 55616K, reserved 1114112K
  class space    used 6472K, committed 6784K, reserved 1048576K
}
Event: 16.227 GC heap before
{Heap before GC invocations=19 (full 0):
 garbage-first heap   total 112640K, used 90738K [0x0000000080000000, 0x0000000100000000)
  region size 1024K, 54 young (55296K), 5 survivors (5120K)
 Metaspace       used 56365K, committed 57152K, reserved 1114112K
  class space    used 6610K, committed 6976K, reserved 1048576K
}
Event: 16.258 GC heap after
{Heap after GC invocations=20 (full 0):
 garbage-first heap   total 112640K, used 42879K [0x0000000080000000, 0x0000000100000000)
  region size 1024K, 4 young (4096K), 4 survivors (4096K)
 Metaspace       used 56365K, committed 57152K, reserved 1114112K
  class space    used 6610K, committed 6976K, reserved 1048576K
}
Event: 21.532 GC heap before
{Heap before GC invocations=20 (full 0):
 garbage-first heap   total 112640K, used 91007K [0x0000000080000000, 0x0000000100000000)
  region size 1024K, 52 young (53248K), 4 survivors (4096K)
 Metaspace       used 57076K, committed 57856K, reserved 1114112K
  class space    used 6635K, committed 6976K, reserved 1048576K
}
Event: 21.538 GC heap after
{Heap after GC invocations=21 (full 0):
 garbage-first heap   total 112640K, used 42879K [0x0000000080000000, 0x0000000100000000)
  region size 1024K, 4 young (4096K), 4 survivors (4096K)
 Metaspace       used 57076K, committed 57856K, reserved 1114112K
  class space    used 6635K, committed 6976K, reserved 1048576K
}

